  window1Dlg.cpp
window1Dlg.obj : error LNK2019: 无法解析的外部符号 "void __cdecl cv::fastFree(void *)" (?fastFree@cv@@YAXPAX@Z)，该符号在函数 "public: __thiscall cv::Mat::~Mat(void)" (??1Mat@cv@@QAE@XZ) 中被引用
window1Dlg.obj : error LNK2019: 无法解析的外部符号 "private: char * __thiscall cv::String::allocate(unsigned int)" (?allocate@String@cv@@AAEPADI@Z)，该符号在函数 "public: __thiscall cv::String::String(char const *)" (??0String@cv@@QAE@PBD@Z) 中被引用
window1Dlg.obj : error LNK2019: 无法解析的外部符号 "private: void __thiscall cv::String::deallocate(void)" (?deallocate@String@cv@@AAEXXZ)，该符号在函数 "public: __thiscall cv::String::~String(void)" (??1String@cv@@QAE@XZ) 中被引用
window1Dlg.obj : error LNK2019: 无法解析的外部符号 "void __cdecl cv::error(int,class cv::String const &,char const *,char const *,int)" (?error@cv@@YAXHABVString@1@PBD1H@Z)，该符号在函数 "public: unsigned char & __thiscall cv::Mat::at<unsigned char>(int,int)" (??$at@E@Mat@cv@@QAEAAEHH@Z) 中被引用
window1Dlg.obj : error LNK2019: 无法解析的外部符号 "public: __thiscall cv::Mat::Mat(class cv::Mat const &,class cv::Range const &,class cv::Range const &)" (??0Mat@cv@@QAE@ABV01@ABVRange@1@1@Z)，该符号在函数 "public: class cv::Mat __thiscall cv::Mat::row(int)const " (?row@Mat@cv@@QBE?AV12@H@Z) 中被引用
window1Dlg.obj : error LNK2019: 无法解析的外部符号 "public: void __thiscall cv::Mat::copyTo(class cv::debug_build_guard::_OutputArray const &)const " (?copyTo@Mat@cv@@QBEXABV_OutputArray@debug_build_guard@2@@Z)，该符号在函数 "public: class cv::Mat __thiscall cv::Mat::clone(void)const " (?clone@Mat@cv@@QBE?AV12@XZ) 中被引用
window1Dlg.obj : error LNK2019: 无法解析的外部符号 "public: void __thiscall cv::Mat::create(int,int const *,int)" (?create@Mat@cv@@QAEXHPBHH@Z)，该符号在函数 "public: void __thiscall cv::Mat::create(int,int,int)" (?create@Mat@cv@@QAEXHHH@Z) 中被引用
window1Dlg.obj : error LNK2019: 无法解析的外部符号 "public: void __thiscall cv::Mat::deallocate(void)" (?deallocate@Mat@cv@@QAEXXZ)，该符号在函数 "public: void __thiscall cv::Mat::release(void)" (?release@Mat@cv@@QAEXXZ) 中被引用
window1Dlg.obj : error LNK2019: 无法解析的外部符号 "public: void __thiscall cv::Mat::copySize(class cv::Mat const &)" (?copySize@Mat@cv@@QAEXABV12@@Z)，该符号在函数 "public: __thiscall cv::Mat::Mat(class cv::Mat const &)" (??0Mat@cv@@QAE@ABV01@@Z) 中被引用
window1Dlg.obj : error LNK2019: 无法解析的外部符号 "public: void __thiscall cv::Mat::push_back(class cv::Mat const &)" (?push_back@Mat@cv@@QAEXABV12@@Z)，该符号在函数 "class cv::Mat __cdecl delRivet(class cv::Mat)" (?delRivet@@YA?AVMat@cv@@V12@@Z) 中被引用
window1Dlg.obj : error LNK2019: 无法解析的外部符号 "public: __thiscall _IplImage::_IplImage(class cv::Mat const &)" (??0_IplImage@@QAE@ABVMat@cv@@@Z)，该符号在函数 "class cv::Mat __cdecl delRivet(class cv::Mat)" (?delRivet@@YA?AVMat@cv@@V12@@Z) 中被引用
window1Dlg.obj : error LNK2019: 无法解析的外部符号 _cvCreateImage，该符号在函数 "class cv::Mat __cdecl reSize(class cv::Mat)" (?reSize@@YA?AVMat@cv@@V12@@Z) 中被引用
window1Dlg.obj : error LNK2019: 无法解析的外部符号 "class cv::Mat __cdecl cv::cvarrToMat(void const *,bool,bool,int,class cv::AutoBuffer<double,136> *)" (?cvarrToMat@cv@@YA?AVMat@1@PBX_N1HPAV?$AutoBuffer@N$0II@@1@@Z)，该符号在函数 "class cv::Mat __cdecl reSize(class cv::Mat)" (?reSize@@YA?AVMat@cv@@V12@@Z) 中被引用
window1Dlg.obj : error LNK2019: 无法解析的外部符号 "bool __cdecl cv::imwrite(class cv::String const &,class cv::debug_build_guard::_InputArray const &,class std::vector<int,class std::allocator<int> > const &)" (?imwrite@cv@@YA_NABVString@1@ABV_InputArray@debug_build_guard@1@ABV?$vector@HV?$allocator@H@std@@@std@@@Z)，该符号在函数 "class cv::Mat __cdecl preprocess(class cv::Mat)" (?preprocess@@YA?AVMat@cv@@V12@@Z) 中被引用
window1Dlg.obj : error LNK2019: 无法解析的外部符号 _cvResize，该符号在函数 "class cv::Mat __cdecl reSize(class cv::Mat)" (?reSize@@YA?AVMat@cv@@V12@@Z) 中被引用
window1Dlg.obj : error LNK2019: 无法解析的外部符号 "void __cdecl cv::medianBlur(class cv::debug_build_guard::_InputArray const &,class cv::debug_build_guard::_OutputArray const &,int)" (?medianBlur@cv@@YAXABV_InputArray@debug_build_guard@1@ABV_OutputArray@31@H@Z)，该符号在函数 "class cv::Mat __cdecl denoise(class cv::Mat)" (?denoise@@YA?AVMat@cv@@V12@@Z) 中被引用
window1Dlg.obj : error LNK2019: 无法解析的外部符号 "double __cdecl cv::threshold(class cv::debug_build_guard::_InputArray const &,class cv::debug_build_guard::_OutputArray const &,double,double,int)" (?threshold@cv@@YANABV_InputArray@debug_build_guard@1@ABV_OutputArray@31@NNH@Z)，该符号在函数 "class cv::Mat __cdecl preprocess(class cv::Mat)" (?preprocess@@YA?AVMat@cv@@V12@@Z) 中被引用
window1Dlg.obj : error LNK2019: 无法解析的外部符号 "void __cdecl cv::cvtColor(class cv::debug_build_guard::_InputArray const &,class cv::debug_build_guard::_OutputArray const &,int,int)" (?cvtColor@cv@@YAXABV_InputArray@debug_build_guard@1@ABV_OutputArray@31@HH@Z)，该符号在函数 "class cv::Mat __cdecl preprocess(class cv::Mat)" (?preprocess@@YA?AVMat@cv@@V12@@Z) 中被引用
D:\workspace\opencv\window1\Debug\window1.exe : fatal error LNK1120: 18 个无法解析的外部命令
